2020-05-14 08:07:18 -Starting Tb_inspectionApplication on LAPTOP-5F6M06KD with PID 68700 (D:\developEclipse\tb_inspection\target\classes started by lenovo in D:\developEclipse\tb_inspection)
2020-05-14 08:07:18 -No active profile set, falling back to default profiles: default
2020-05-14 08:07:19 -Devtools property defaults active! Set 'spring.devtools.add-properties' to 'false' to disable
2020-05-14 08:07:19 -For additional web related logging consider setting the 'logging.level.web' property to 'DEBUG'
2020-05-14 08:07:21 -Tomcat initialized with port(s): 8866 (http)
2020-05-14 08:07:21 -Initializing ProtocolHandler ["http-nio-0.0.0.0-8866"]
2020-05-14 08:07:21 -Starting service [Tomcat]
2020-05-14 08:07:21 -Starting Servlet engine: [Apache Tomcat/9.0.31]
2020-05-14 08:07:21 -Loaded APR based Apache Tomcat Native library [1.2.23] using APR version [1.7.0].
2020-05-14 08:07:21 -APR capabilities: IPv6 [true], sendfile [true], accept filters [false], random [true].
2020-05-14 08:07:21 -APR/OpenSSL configuration: useAprConnector [false], useOpenSSL [true]
2020-05-14 08:07:21 -OpenSSL successfully initialized [OpenSSL 1.1.1c  28 May 2019]
2020-05-14 08:07:21 -Initializing Spring embedded WebApplicationContext
2020-05-14 08:07:21 -Root WebApplicationContext: initialization completed in 2420 ms
2020-05-14 08:07:22 -Initializing ExecutorService 'applicationTaskExecutor'
2020-05-14 08:07:22 -LiveReload server is running on port 35729
2020-05-14 08:07:22 -Starting ProtocolHandler ["http-nio-0.0.0.0-8866"]
2020-05-14 08:07:22 -Tomcat started on port(s): 8866 (http) with context path '/tb_inspection'
2020-05-14 08:07:22 -Started Tb_inspectionApplication in 4.336 seconds (JVM running for 6.798)
2020-05-14 08:08:14 -Initializing Spring DispatcherServlet 'dispatcherServlet'
2020-05-14 08:08:14 -Initializing Servlet 'dispatcherServlet'
2020-05-14 08:08:14 -Completed initialization in 11 ms
2020-05-14 08:08:37 -======= 开始执行：LoginController — doLogin ========
2020-05-14 08:08:37 -======= 执行结束：LoginController — doLogin ========
2020-05-14 08:08:57 -======= 开始执行：LoginController — doLogOut ========
2020-05-14 08:08:57 -======= 执行结束：LoginController — doLogOut ========
2020-05-14 08:09:04 -======= 开始执行：LoginController — doLogin ========
2020-05-14 08:09:04 -======= 执行结束：LoginController — doLogin ========
2020-05-14 08:09:07 -======= 开始执行：Dh_inspectionController — likeSelect ========
2020-05-14 08:09:07 -{dataSource-1} inited
2020-05-14 08:09:07 -==>  Preparing: select count(1) from `dh_inspection` 
2020-05-14 08:09:07 -==> Parameters: 
2020-05-14 08:09:07 -<==      Total: 1
2020-05-14 08:09:07 -==>  Preparing: select sale, sc, scresult, scremarks, sp, spresult, spremarks, sf, sfa, sfaresult, sfaremarks, tftc, tftcl, tftclresult, tftclremarks, tftcs, tftcsresult, tftcsremarks, tftcm, tftcmresult, tftcmremarks, tftcc, tftccresult, tftccremarks, tfm, tfml, tfmlresult, tfmlremarks, tfms, tfmsresult, tfmsremarks, tfmm, tfmmresult, tfmmremarks, tfmc, tfmcresult, tfmcremarks, ffm, ffmc, ffmcresult, ffmcremarks, ffmc2, ffmc2result, ffmc2remarks, ffmp, ffmpresult, ffmpremarks, ifofm, ifofmc, ifofmcresult, ifofmcremarks, ifofmp, ifofmpresult, ifofmpremarks, iffm, iffmc, iffmcresult, iffmcremarks, iffms, iffmsresult, iffmsremarks, iffmm, iffmmresult, iffmmremarks, creattime, inspectionId from `dh_inspection` limit ?,? 
2020-05-14 08:09:07 -==> Parameters: 0(Integer), 10(Integer)
2020-05-14 08:09:07 -<==      Total: 5
2020-05-14 08:09:07 -======= 执行结束：Dh_inspectionController — likeSelect ========
2020-05-14 09:19:48 -======= 开始执行：Dh_inspectionController — select ========
2020-05-14 09:19:48 -==>  Preparing: select sale, sc, scresult, scremarks, sp, spresult, spremarks, sf, sfa, sfaresult, sfaremarks, tftc, tftcl, tftclresult, tftclremarks, tftcs, tftcsresult, tftcsremarks, tftcm, tftcmresult, tftcmremarks, tftcc, tftccresult, tftccremarks, tfm, tfml, tfmlresult, tfmlremarks, tfms, tfmsresult, tfmsremarks, tfmm, tfmmresult, tfmmremarks, tfmc, tfmcresult, tfmcremarks, ffm, ffmc, ffmcresult, ffmcremarks, ffmc2, ffmc2result, ffmc2remarks, ffmp, ffmpresult, ffmpremarks, ifofm, ifofmc, ifofmcresult, ifofmcremarks, ifofmp, ifofmpresult, ifofmpremarks, iffm, iffmc, iffmcresult, iffmcremarks, iffms, iffmsresult, iffmsremarks, iffmm, iffmmresult, iffmmremarks, creattime, inspectionId from `dh_inspection` WHERE inspectionId=? 
2020-05-14 09:19:48 -==> Parameters: 11(Integer)
2020-05-14 09:19:48 -<==      Total: 1
2020-05-14 09:19:48 -======= 执行结束：Dh_inspectionController — select ========
2020-05-14 09:20:00 -======= 开始执行：Dh_inspectionController — select ========
2020-05-14 09:20:00 -==>  Preparing: select sale, sc, scresult, scremarks, sp, spresult, spremarks, sf, sfa, sfaresult, sfaremarks, tftc, tftcl, tftclresult, tftclremarks, tftcs, tftcsresult, tftcsremarks, tftcm, tftcmresult, tftcmremarks, tftcc, tftccresult, tftccremarks, tfm, tfml, tfmlresult, tfmlremarks, tfms, tfmsresult, tfmsremarks, tfmm, tfmmresult, tfmmremarks, tfmc, tfmcresult, tfmcremarks, ffm, ffmc, ffmcresult, ffmcremarks, ffmc2, ffmc2result, ffmc2remarks, ffmp, ffmpresult, ffmpremarks, ifofm, ifofmc, ifofmcresult, ifofmcremarks, ifofmp, ifofmpresult, ifofmpremarks, iffm, iffmc, iffmcresult, iffmcremarks, iffms, iffmsresult, iffmsremarks, iffmm, iffmmresult, iffmmremarks, creattime, inspectionId from `dh_inspection` WHERE inspectionId=? 
2020-05-14 09:20:00 -==> Parameters: 9(Integer)
2020-05-14 09:20:00 -<==      Total: 1
2020-05-14 09:20:00 -======= 执行结束：Dh_inspectionController — select ========
2020-05-14 09:20:18 -======= 开始执行：Dh_inspectionController — select ========
2020-05-14 09:20:18 -==>  Preparing: select sale, sc, scresult, scremarks, sp, spresult, spremarks, sf, sfa, sfaresult, sfaremarks, tftc, tftcl, tftclresult, tftclremarks, tftcs, tftcsresult, tftcsremarks, tftcm, tftcmresult, tftcmremarks, tftcc, tftccresult, tftccremarks, tfm, tfml, tfmlresult, tfmlremarks, tfms, tfmsresult, tfmsremarks, tfmm, tfmmresult, tfmmremarks, tfmc, tfmcresult, tfmcremarks, ffm, ffmc, ffmcresult, ffmcremarks, ffmc2, ffmc2result, ffmc2remarks, ffmp, ffmpresult, ffmpremarks, ifofm, ifofmc, ifofmcresult, ifofmcremarks, ifofmp, ifofmpresult, ifofmpremarks, iffm, iffmc, iffmcresult, iffmcremarks, iffms, iffmsresult, iffmsremarks, iffmm, iffmmresult, iffmmremarks, creattime, inspectionId from `dh_inspection` WHERE inspectionId=? 
2020-05-14 09:20:18 -==> Parameters: 4(Integer)
2020-05-14 09:20:18 -<==      Total: 1
2020-05-14 09:20:18 -======= 执行结束：Dh_inspectionController — select ========
2020-05-14 09:20:40 -======= 开始执行：Dh_inspectionController — select ========
2020-05-14 09:20:40 -==>  Preparing: select sale, sc, scresult, scremarks, sp, spresult, spremarks, sf, sfa, sfaresult, sfaremarks, tftc, tftcl, tftclresult, tftclremarks, tftcs, tftcsresult, tftcsremarks, tftcm, tftcmresult, tftcmremarks, tftcc, tftccresult, tftccremarks, tfm, tfml, tfmlresult, tfmlremarks, tfms, tfmsresult, tfmsremarks, tfmm, tfmmresult, tfmmremarks, tfmc, tfmcresult, tfmcremarks, ffm, ffmc, ffmcresult, ffmcremarks, ffmc2, ffmc2result, ffmc2remarks, ffmp, ffmpresult, ffmpremarks, ifofm, ifofmc, ifofmcresult, ifofmcremarks, ifofmp, ifofmpresult, ifofmpremarks, iffm, iffmc, iffmcresult, iffmcremarks, iffms, iffmsresult, iffmsremarks, iffmm, iffmmresult, iffmmremarks, creattime, inspectionId from `dh_inspection` WHERE inspectionId=? 
2020-05-14 09:20:40 -==> Parameters: 4(Integer)
2020-05-14 09:20:40 -<==      Total: 1
2020-05-14 09:20:40 -======= 执行结束：Dh_inspectionController — select ========
2020-05-14 09:20:51 -======= 开始执行：Dh_inspectionController — select ========
2020-05-14 09:20:51 -==>  Preparing: select sale, sc, scresult, scremarks, sp, spresult, spremarks, sf, sfa, sfaresult, sfaremarks, tftc, tftcl, tftclresult, tftclremarks, tftcs, tftcsresult, tftcsremarks, tftcm, tftcmresult, tftcmremarks, tftcc, tftccresult, tftccremarks, tfm, tfml, tfmlresult, tfmlremarks, tfms, tfmsresult, tfmsremarks, tfmm, tfmmresult, tfmmremarks, tfmc, tfmcresult, tfmcremarks, ffm, ffmc, ffmcresult, ffmcremarks, ffmc2, ffmc2result, ffmc2remarks, ffmp, ffmpresult, ffmpremarks, ifofm, ifofmc, ifofmcresult, ifofmcremarks, ifofmp, ifofmpresult, ifofmpremarks, iffm, iffmc, iffmcresult, iffmcremarks, iffms, iffmsresult, iffmsremarks, iffmm, iffmmresult, iffmmremarks, creattime, inspectionId from `dh_inspection` WHERE inspectionId=? 
2020-05-14 09:20:51 -==> Parameters: 4(Integer)
2020-05-14 09:20:51 -<==      Total: 1
2020-05-14 09:20:51 -======= 执行结束：Dh_inspectionController — select ========
2020-05-14 09:48:34 -======= 开始执行：Dh_inspectionController — select ========
2020-05-14 09:48:34 -==>  Preparing: select sale, sc, scresult, scremarks, sp, spresult, spremarks, sf, sfa, sfaresult, sfaremarks, tftc, tftcl, tftclresult, tftclremarks, tftcs, tftcsresult, tftcsremarks, tftcm, tftcmresult, tftcmremarks, tftcc, tftccresult, tftccremarks, tfm, tfml, tfmlresult, tfmlremarks, tfms, tfmsresult, tfmsremarks, tfmm, tfmmresult, tfmmremarks, tfmc, tfmcresult, tfmcremarks, ffm, ffmc, ffmcresult, ffmcremarks, ffmc2, ffmc2result, ffmc2remarks, ffmp, ffmpresult, ffmpremarks, ifofm, ifofmc, ifofmcresult, ifofmcremarks, ifofmp, ifofmpresult, ifofmpremarks, iffm, iffmc, iffmcresult, iffmcremarks, iffms, iffmsresult, iffmsremarks, iffmm, iffmmresult, iffmmremarks, creattime, inspectionId from `dh_inspection` WHERE inspectionId=? 
2020-05-14 09:48:34 -==> Parameters: 4(Integer)
2020-05-14 09:48:34 -<==      Total: 1
2020-05-14 09:48:34 -======= 执行结束：Dh_inspectionController — select ========
2020-05-14 09:50:09 -======= 开始执行：Dh_inspectionController — select ========
2020-05-14 09:50:09 -==>  Preparing: select sale, sc, scresult, scremarks, sp, spresult, spremarks, sf, sfa, sfaresult, sfaremarks, tftc, tftcl, tftclresult, tftclremarks, tftcs, tftcsresult, tftcsremarks, tftcm, tftcmresult, tftcmremarks, tftcc, tftccresult, tftccremarks, tfm, tfml, tfmlresult, tfmlremarks, tfms, tfmsresult, tfmsremarks, tfmm, tfmmresult, tfmmremarks, tfmc, tfmcresult, tfmcremarks, ffm, ffmc, ffmcresult, ffmcremarks, ffmc2, ffmc2result, ffmc2remarks, ffmp, ffmpresult, ffmpremarks, ifofm, ifofmc, ifofmcresult, ifofmcremarks, ifofmp, ifofmpresult, ifofmpremarks, iffm, iffmc, iffmcresult, iffmcremarks, iffms, iffmsresult, iffmsremarks, iffmm, iffmmresult, iffmmremarks, creattime, inspectionId from `dh_inspection` WHERE inspectionId=? 
2020-05-14 09:50:09 -==> Parameters: 9(Integer)
2020-05-14 09:50:09 -<==      Total: 1
2020-05-14 09:50:09 -======= 执行结束：Dh_inspectionController — select ========
2020-05-14 09:50:11 -======= 开始执行：Dh_inspectionController — select ========
2020-05-14 09:50:11 -==>  Preparing: select sale, sc, scresult, scremarks, sp, spresult, spremarks, sf, sfa, sfaresult, sfaremarks, tftc, tftcl, tftclresult, tftclremarks, tftcs, tftcsresult, tftcsremarks, tftcm, tftcmresult, tftcmremarks, tftcc, tftccresult, tftccremarks, tfm, tfml, tfmlresult, tfmlremarks, tfms, tfmsresult, tfmsremarks, tfmm, tfmmresult, tfmmremarks, tfmc, tfmcresult, tfmcremarks, ffm, ffmc, ffmcresult, ffmcremarks, ffmc2, ffmc2result, ffmc2remarks, ffmp, ffmpresult, ffmpremarks, ifofm, ifofmc, ifofmcresult, ifofmcremarks, ifofmp, ifofmpresult, ifofmpremarks, iffm, iffmc, iffmcresult, iffmcremarks, iffms, iffmsresult, iffmsremarks, iffmm, iffmmresult, iffmmremarks, creattime, inspectionId from `dh_inspection` WHERE inspectionId=? 
2020-05-14 09:50:11 -==> Parameters: 9(Integer)
2020-05-14 09:50:11 -<==      Total: 1
2020-05-14 09:50:11 -======= 执行结束：Dh_inspectionController — select ========
2020-05-14 09:50:26 -======= 开始执行：Dh_inspectionController — select ========
2020-05-14 09:50:26 -==>  Preparing: select sale, sc, scresult, scremarks, sp, spresult, spremarks, sf, sfa, sfaresult, sfaremarks, tftc, tftcl, tftclresult, tftclremarks, tftcs, tftcsresult, tftcsremarks, tftcm, tftcmresult, tftcmremarks, tftcc, tftccresult, tftccremarks, tfm, tfml, tfmlresult, tfmlremarks, tfms, tfmsresult, tfmsremarks, tfmm, tfmmresult, tfmmremarks, tfmc, tfmcresult, tfmcremarks, ffm, ffmc, ffmcresult, ffmcremarks, ffmc2, ffmc2result, ffmc2remarks, ffmp, ffmpresult, ffmpremarks, ifofm, ifofmc, ifofmcresult, ifofmcremarks, ifofmp, ifofmpresult, ifofmpremarks, iffm, iffmc, iffmcresult, iffmcremarks, iffms, iffmsresult, iffmsremarks, iffmm, iffmmresult, iffmmremarks, creattime, inspectionId from `dh_inspection` WHERE inspectionId=? 
2020-05-14 09:50:26 -==> Parameters: 9(Integer)
2020-05-14 09:50:26 -<==      Total: 1
2020-05-14 09:50:26 -======= 执行结束：Dh_inspectionController — select ========
2020-05-14 09:51:04 -======= 开始执行：Dh_inspectionController — update ========
2020-05-14 09:51:04 -==>  Preparing: update `dh_inspection` set inspectionId=?, scresult=?, scremarks=?, spresult=?, spremarks=?, sfaresult=?, sfaremarks=?, tftclresult=?, tftclremarks=?, tftcsresult=?, tftcsremarks=?, tftcmresult=?, tftcmremarks=?, tftccresult=?, tftccremarks=?, tfmlresult=?, tfmlremarks=?, tfmsresult=?, tfmsremarks=?, tfmmresult=?, tfmmremarks=?, tfmcresult=?, tfmcremarks=?, ffmcresult=?, ffmcremarks=?, ffmc2result=?, ffmc2remarks=?, ffmpresult=?, ffmpremarks=?, ifofmcresult=?, ifofmcremarks=?, ifofmpresult=?, ifofmpremarks=?, iffmcresult=?, iffmcremarks=?, iffmsresult=?, iffmsremarks=?, iffmmresult=?, iffmmremarks=?, creattime=? WHERE inspectionId=? 
2020-05-14 09:51:04 -==> Parameters: 9(Integer), 0(String), 坏的,凑到15个字(String), 1(String), 好的(String), 0(String), 坏的,凑到15个字(String), 1(String), 好的(String), 0(String), 坏的,凑到15个字(String), 1(String), 好的(String), 0(String), 坏的,凑到15个字(String), 1(String), 好的(String), 0(String), 坏的,凑到15个字(String), 0(String), 坏的,凑到15个字(String), 0(String), 坏的,凑到15个字(String), 0(String), 坏的,凑到15个数(String), 0(String), 坏的,凑到15个字(String), 1(String), 好的(String), 0(String), 坏的,凑到15个字(String), 0(String), 坏的,凑到15个字(String), 0(String), 坏的,凑到15个字(String), 0(String), 坏的,凑到15个字(String), 0(String), 坏的,凑到15个字(String), 2020-04-28(String), 9(Integer)
2020-05-14 09:51:04 -<==    Updates: 1
2020-05-14 09:51:04 -======= 执行结束：Dh_inspectionController — update ========
2020-05-14 09:51:04 -======= 开始执行：Dh_inspectionController — likeSelect ========
2020-05-14 09:51:04 -==>  Preparing: select count(1) from `dh_inspection` 
2020-05-14 09:51:04 -==> Parameters: 
2020-05-14 09:51:04 -<==      Total: 1
2020-05-14 09:51:04 -==>  Preparing: select sale, sc, scresult, scremarks, sp, spresult, spremarks, sf, sfa, sfaresult, sfaremarks, tftc, tftcl, tftclresult, tftclremarks, tftcs, tftcsresult, tftcsremarks, tftcm, tftcmresult, tftcmremarks, tftcc, tftccresult, tftccremarks, tfm, tfml, tfmlresult, tfmlremarks, tfms, tfmsresult, tfmsremarks, tfmm, tfmmresult, tfmmremarks, tfmc, tfmcresult, tfmcremarks, ffm, ffmc, ffmcresult, ffmcremarks, ffmc2, ffmc2result, ffmc2remarks, ffmp, ffmpresult, ffmpremarks, ifofm, ifofmc, ifofmcresult, ifofmcremarks, ifofmp, ifofmpresult, ifofmpremarks, iffm, iffmc, iffmcresult, iffmcremarks, iffms, iffmsresult, iffmsremarks, iffmm, iffmmresult, iffmmremarks, creattime, inspectionId from `dh_inspection` limit ?,? 
2020-05-14 09:51:04 -==> Parameters: 0(Integer), 10(Integer)
2020-05-14 09:51:04 -<==      Total: 5
2020-05-14 09:51:04 -======= 执行结束：Dh_inspectionController — likeSelect ========
2020-05-14 09:51:07 -======= 开始执行：Dh_inspectionController — select ========
2020-05-14 09:51:07 -==>  Preparing: select sale, sc, scresult, scremarks, sp, spresult, spremarks, sf, sfa, sfaresult, sfaremarks, tftc, tftcl, tftclresult, tftclremarks, tftcs, tftcsresult, tftcsremarks, tftcm, tftcmresult, tftcmremarks, tftcc, tftccresult, tftccremarks, tfm, tfml, tfmlresult, tfmlremarks, tfms, tfmsresult, tfmsremarks, tfmm, tfmmresult, tfmmremarks, tfmc, tfmcresult, tfmcremarks, ffm, ffmc, ffmcresult, ffmcremarks, ffmc2, ffmc2result, ffmc2remarks, ffmp, ffmpresult, ffmpremarks, ifofm, ifofmc, ifofmcresult, ifofmcremarks, ifofmp, ifofmpresult, ifofmpremarks, iffm, iffmc, iffmcresult, iffmcremarks, iffms, iffmsresult, iffmsremarks, iffmm, iffmmresult, iffmmremarks, creattime, inspectionId from `dh_inspection` WHERE inspectionId=? 
2020-05-14 09:51:07 -==> Parameters: 9(Integer)
2020-05-14 09:51:07 -<==      Total: 1
2020-05-14 09:51:07 -======= 执行结束：Dh_inspectionController — select ========
2020-05-14 09:51:34 -======= 开始执行：Dh_inspectionController — select ========
2020-05-14 09:51:34 -==>  Preparing: select sale, sc, scresult, scremarks, sp, spresult, spremarks, sf, sfa, sfaresult, sfaremarks, tftc, tftcl, tftclresult, tftclremarks, tftcs, tftcsresult, tftcsremarks, tftcm, tftcmresult, tftcmremarks, tftcc, tftccresult, tftccremarks, tfm, tfml, tfmlresult, tfmlremarks, tfms, tfmsresult, tfmsremarks, tfmm, tfmmresult, tfmmremarks, tfmc, tfmcresult, tfmcremarks, ffm, ffmc, ffmcresult, ffmcremarks, ffmc2, ffmc2result, ffmc2remarks, ffmp, ffmpresult, ffmpremarks, ifofm, ifofmc, ifofmcresult, ifofmcremarks, ifofmp, ifofmpresult, ifofmpremarks, iffm, iffmc, iffmcresult, iffmcremarks, iffms, iffmsresult, iffmsremarks, iffmm, iffmmresult, iffmmremarks, creattime, inspectionId from `dh_inspection` WHERE inspectionId=? 
2020-05-14 09:51:34 -==> Parameters: 11(Integer)
2020-05-14 09:51:34 -<==      Total: 1
2020-05-14 09:51:34 -======= 执行结束：Dh_inspectionController — select ========
2020-05-14 09:51:36 -======= 开始执行：Dh_inspectionController — select ========
2020-05-14 09:51:36 -==>  Preparing: select sale, sc, scresult, scremarks, sp, spresult, spremarks, sf, sfa, sfaresult, sfaremarks, tftc, tftcl, tftclresult, tftclremarks, tftcs, tftcsresult, tftcsremarks, tftcm, tftcmresult, tftcmremarks, tftcc, tftccresult, tftccremarks, tfm, tfml, tfmlresult, tfmlremarks, tfms, tfmsresult, tfmsremarks, tfmm, tfmmresult, tfmmremarks, tfmc, tfmcresult, tfmcremarks, ffm, ffmc, ffmcresult, ffmcremarks, ffmc2, ffmc2result, ffmc2remarks, ffmp, ffmpresult, ffmpremarks, ifofm, ifofmc, ifofmcresult, ifofmcremarks, ifofmp, ifofmpresult, ifofmpremarks, iffm, iffmc, iffmcresult, iffmcremarks, iffms, iffmsresult, iffmsremarks, iffmm, iffmmresult, iffmmremarks, creattime, inspectionId from `dh_inspection` WHERE inspectionId=? 
2020-05-14 09:51:36 -==> Parameters: 11(Integer)
2020-05-14 09:51:36 -<==      Total: 1
2020-05-14 09:51:36 -======= 执行结束：Dh_inspectionController — select ========
2020-05-14 09:55:34 -======= 开始执行：Dh_inspectionController — select ========
2020-05-14 09:55:34 -==>  Preparing: select sale, sc, scresult, scremarks, sp, spresult, spremarks, sf, sfa, sfaresult, sfaremarks, tftc, tftcl, tftclresult, tftclremarks, tftcs, tftcsresult, tftcsremarks, tftcm, tftcmresult, tftcmremarks, tftcc, tftccresult, tftccremarks, tfm, tfml, tfmlresult, tfmlremarks, tfms, tfmsresult, tfmsremarks, tfmm, tfmmresult, tfmmremarks, tfmc, tfmcresult, tfmcremarks, ffm, ffmc, ffmcresult, ffmcremarks, ffmc2, ffmc2result, ffmc2remarks, ffmp, ffmpresult, ffmpremarks, ifofm, ifofmc, ifofmcresult, ifofmcremarks, ifofmp, ifofmpresult, ifofmpremarks, iffm, iffmc, iffmcresult, iffmcremarks, iffms, iffmsresult, iffmsremarks, iffmm, iffmmresult, iffmmremarks, creattime, inspectionId from `dh_inspection` WHERE inspectionId=? 
2020-05-14 09:55:34 -==> Parameters: 4(Integer)
2020-05-14 09:55:34 -<==      Total: 1
2020-05-14 09:55:34 -======= 执行结束：Dh_inspectionController — select ========
2020-05-14 09:55:37 -======= 开始执行：Dh_inspectionController — select ========
2020-05-14 09:55:37 -==>  Preparing: select sale, sc, scresult, scremarks, sp, spresult, spremarks, sf, sfa, sfaresult, sfaremarks, tftc, tftcl, tftclresult, tftclremarks, tftcs, tftcsresult, tftcsremarks, tftcm, tftcmresult, tftcmremarks, tftcc, tftccresult, tftccremarks, tfm, tfml, tfmlresult, tfmlremarks, tfms, tfmsresult, tfmsremarks, tfmm, tfmmresult, tfmmremarks, tfmc, tfmcresult, tfmcremarks, ffm, ffmc, ffmcresult, ffmcremarks, ffmc2, ffmc2result, ffmc2remarks, ffmp, ffmpresult, ffmpremarks, ifofm, ifofmc, ifofmcresult, ifofmcremarks, ifofmp, ifofmpresult, ifofmpremarks, iffm, iffmc, iffmcresult, iffmcremarks, iffms, iffmsresult, iffmsremarks, iffmm, iffmmresult, iffmmremarks, creattime, inspectionId from `dh_inspection` WHERE inspectionId=? 
2020-05-14 09:55:37 -==> Parameters: 4(Integer)
2020-05-14 09:55:37 -<==      Total: 1
2020-05-14 09:55:37 -======= 执行结束：Dh_inspectionController — select ========
2020-05-14 10:15:19 -Shutting down ExecutorService 'applicationTaskExecutor'
2020-05-14 10:15:19 -{dataSource-1} closed
2020-05-14 10:15:25 -Starting Tb_inspectionApplication on LAPTOP-5F6M06KD with PID 92516 (D:\developEclipse\tb_inspection\target\classes started by lenovo in D:\developEclipse\tb_inspection)
2020-05-14 10:15:25 -No active profile set, falling back to default profiles: default
2020-05-14 10:15:26 -Devtools property defaults active! Set 'spring.devtools.add-properties' to 'false' to disable
2020-05-14 10:15:26 -For additional web related logging consider setting the 'logging.level.web' property to 'DEBUG'
2020-05-14 10:15:28 -Tomcat initialized with port(s): 8866 (http)
2020-05-14 10:15:28 -Initializing ProtocolHandler ["http-nio-0.0.0.0-8866"]
2020-05-14 10:15:28 -Starting service [Tomcat]
2020-05-14 10:15:28 -Starting Servlet engine: [Apache Tomcat/9.0.31]
2020-05-14 10:15:28 -Loaded APR based Apache Tomcat Native library [1.2.23] using APR version [1.7.0].
2020-05-14 10:15:28 -APR capabilities: IPv6 [true], sendfile [true], accept filters [false], random [true].
2020-05-14 10:15:28 -APR/OpenSSL configuration: useAprConnector [false], useOpenSSL [true]
2020-05-14 10:15:28 -OpenSSL successfully initialized [OpenSSL 1.1.1c  28 May 2019]
2020-05-14 10:15:28 -Initializing Spring embedded WebApplicationContext
2020-05-14 10:15:28 -Root WebApplicationContext: initialization completed in 2652 ms
2020-05-14 10:15:29 -Initializing ExecutorService 'applicationTaskExecutor'
2020-05-14 10:15:29 -LiveReload server is running on port 35729
2020-05-14 10:15:29 -Starting ProtocolHandler ["http-nio-0.0.0.0-8866"]
2020-05-14 10:15:29 -Tomcat started on port(s): 8866 (http) with context path '/tb_inspection'
2020-05-14 10:15:29 -Started Tb_inspectionApplication in 4.247 seconds (JVM running for 6.323)
2020-05-14 10:15:46 -Initializing Spring DispatcherServlet 'dispatcherServlet'
2020-05-14 10:15:46 -Initializing Servlet 'dispatcherServlet'
2020-05-14 10:15:46 -Completed initialization in 15 ms
2020-05-14 10:15:51 -======= 开始执行：LoginController — doLogOut ========
2020-05-14 10:15:51 -======= 执行结束：LoginController — doLogOut ========
2020-05-14 10:15:53 -======= 开始执行：LoginController — doLogin ========
2020-05-14 10:15:53 -======= 执行结束：LoginController — doLogin ========
2020-05-14 10:15:56 -======= 开始执行：Dh_inspectionController — likeSelect ========
2020-05-14 10:15:56 -{dataSource-1} inited
2020-05-14 10:15:56 -==>  Preparing: select count(1) from `dh_inspection` 
2020-05-14 10:15:56 -==> Parameters: 
2020-05-14 10:15:56 -<==      Total: 1
2020-05-14 10:15:56 -==>  Preparing: select sale, sc, scresult, scremarks, sp, spresult, spremarks, sf, sfa, sfaresult, sfaremarks, tftc, tftcl, tftclresult, tftclremarks, tftcs, tftcsresult, tftcsremarks, tftcm, tftcmresult, tftcmremarks, tftcc, tftccresult, tftccremarks, tfm, tfml, tfmlresult, tfmlremarks, tfms, tfmsresult, tfmsremarks, tfmm, tfmmresult, tfmmremarks, tfmc, tfmcresult, tfmcremarks, ffm, ffmc, ffmcresult, ffmcremarks, ffmc2, ffmc2result, ffmc2remarks, ffmp, ffmpresult, ffmpremarks, ifofm, ifofmc, ifofmcresult, ifofmcremarks, ifofmp, ifofmpresult, ifofmpremarks, iffm, iffmc, iffmcresult, iffmcremarks, iffms, iffmsresult, iffmsremarks, iffmm, iffmmresult, iffmmremarks, creattime, inspectionId from `dh_inspection` limit ?,? 
2020-05-14 10:15:56 -==> Parameters: 0(Integer), 10(Integer)
2020-05-14 10:15:56 -<==      Total: 5
2020-05-14 10:15:56 -======= 执行结束：Dh_inspectionController — likeSelect ========
2020-05-14 10:16:07 -======= 开始执行：Dh_inspectionController — likeSelect ========
2020-05-14 10:16:07 -==>  Preparing: select count(1) from `dh_inspection` WHERE creattime = ? 
2020-05-14 10:16:07 -==> Parameters: 2020-04-30(String)
2020-05-14 10:16:07 -<==      Total: 1
2020-05-14 10:16:07 -==>  Preparing: select sale, sc, scresult, scremarks, sp, spresult, spremarks, sf, sfa, sfaresult, sfaremarks, tftc, tftcl, tftclresult, tftclremarks, tftcs, tftcsresult, tftcsremarks, tftcm, tftcmresult, tftcmremarks, tftcc, tftccresult, tftccremarks, tfm, tfml, tfmlresult, tfmlremarks, tfms, tfmsresult, tfmsremarks, tfmm, tfmmresult, tfmmremarks, tfmc, tfmcresult, tfmcremarks, ffm, ffmc, ffmcresult, ffmcremarks, ffmc2, ffmc2result, ffmc2remarks, ffmp, ffmpresult, ffmpremarks, ifofm, ifofmc, ifofmcresult, ifofmcremarks, ifofmp, ifofmpresult, ifofmpremarks, iffm, iffmc, iffmcresult, iffmcremarks, iffms, iffmsresult, iffmsremarks, iffmm, iffmmresult, iffmmremarks, creattime, inspectionId from `dh_inspection` WHERE creattime = ? limit ?,? 
2020-05-14 10:16:07 -==> Parameters: 2020-04-30(String), 0(Integer), 10(Integer)
2020-05-14 10:16:07 -<==      Total: 1
2020-05-14 10:16:07 -======= 执行结束：Dh_inspectionController — likeSelect ========
2020-05-14 13:29:06 -Shutting down ExecutorService 'applicationTaskExecutor'
2020-05-14 13:29:06 -{dataSource-1} closed
